<?xml version="1.0" encoding="UTF-8"?>
<!-- Generated by org.testng.reporters.JUnitReportReporter -->
<testsuite skipped="0" hostname="GDC-RituN-LPT" name="com.qa.testcases.PageClass1Test" tests="1" failures="0" timestamp="2020-05-03T22:38:01 IST" time="0.933" errors="0">
  <testcase name="selectDropDown" time="0.933" classname="com.qa.testcases.PageClass1Test"/>
</testsuite> <!-- com.qa.testcases.PageClass1Test -->
